Determining if the pthread_create exist failed with the following output:
Change Dir: /home/craptop/Desktop/ROS/build/CMakeFiles/CMakeTmp

Run Build Command:"/usr/bin/make" "cmTC_7d0ab/fast"
/usr/bin/make -f CMakeFiles/cmTC_7d0ab.dir/build.make CMakeFiles/cmTC_7d0ab.dir/build
make[1]: Entering directory '/home/craptop/Desktop/ROS/build/CMakeFiles/CMakeTmp'
Building C object CMakeFiles/cmTC_7d0ab.dir/CheckSymbolExists.c.o
/usr/bin/cc     -o CMakeFiles/cmTC_7d0ab.dir/CheckSymbolExists.c.o   -c /home/craptop/Desktop/ROS/build/CMakeFiles/CMakeTmp/CheckSymbolExists.c
Linking C executable cmTC_7d0ab
/usr/bin/cmake -E cmake_link_script CMakeFiles/cmTC_7d0ab.dir/link.txt --verbose=1
/usr/bin/cc       CMakeFiles/cmTC_7d0ab.dir/CheckSymbolExists.c.o  -o cmTC_7d0ab -rdynamic 
CMakeFiles/cmTC_7d0ab.dir/CheckSymbolExists.c.o: In function `main':
CheckSymbolExists.c:(.text+0x16): undefined reference to `pthread_create'
collect2: error: ld returned 1 exit status
CMakeFiles/cmTC_7d0ab.dir/build.make:97: recipe for target 'cmTC_7d0ab' failed
make[1]: *** [cmTC_7d0ab] Error 1
make[1]: Leaving directory '/home/craptop/Desktop/ROS/build/CMakeFiles/CMakeTmp'
Makefile:126: recipe for target 'cmTC_7d0ab/fast' failed
make: *** [cmTC_7d0ab/fast] Error 2

File /home/craptop/Desktop/ROS/build/CMakeFiles/CMakeTmp/CheckSymbolExists.c:
/* */
#include <pthread.h>

int main(int argc, char** argv)
{
  (void)argv;
#ifndef pthread_create
  return ((int*)(&pthread_create))[argc];
#else
  (void)argc;
  return 0;
#endif
}

Determining if the function pthread_create exists in the pthreads failed with the following output:
Change Dir: /home/craptop/Desktop/ROS/build/CMakeFiles/CMakeTmp

Run Build Command:"/usr/bin/make" "cmTC_b162b/fast"
/usr/bin/make -f CMakeFiles/cmTC_b162b.dir/build.make CMakeFiles/cmTC_b162b.dir/build
make[1]: Entering directory '/home/craptop/Desktop/ROS/build/CMakeFiles/CMakeTmp'
Building C object CMakeFiles/cmTC_b162b.dir/CheckFunctionExists.c.o
/usr/bin/cc    -DCHECK_FUNCTION_EXISTS=pthread_create   -o CMakeFiles/cmTC_b162b.dir/CheckFunctionExists.c.o   -c /usr/share/cmake-3.5/Modules/CheckFunctionExists.c
Linking C executable cmTC_b162b
/usr/bin/cmake -E cmake_link_script CMakeFiles/cmTC_b162b.dir/link.txt --verbose=1
/usr/bin/cc   -DCHECK_FUNCTION_EXISTS=pthread_create    CMakeFiles/cmTC_b162b.dir/CheckFunctionExists.c.o  -o cmTC_b162b -rdynamic -lpthreads 
/usr/bin/ld: cannot find -lpthreads
collect2: error: ld returned 1 exit status
CMakeFiles/cmTC_b162b.dir/build.make:97: recipe for target 'cmTC_b162b' failed
make[1]: *** [cmTC_b162b] Error 1
make[1]: Leaving directory '/home/craptop/Desktop/ROS/build/CMakeFiles/CMakeTmp'
Makefile:126: recipe for target 'cmTC_b162b/fast' failed
make: *** [cmTC_b162b/fast] Error 2


